\BOOKMARK [1][-]{section.1}{\376\377\000I\000n\000t\000r\000o\000d\000u\000c\000t\000i\000o\000n}{}% 1
\BOOKMARK [2][-]{subsection.1.1}{\376\377\000P\000u\000r\000p\000o\000s\000e\000\040\000\046\000\040\000I\000n\000d\000u\000s\000t\000r\000y}{section.1}% 2
\BOOKMARK [2][-]{subsection.1.2}{\376\377\000S\000y\000s\000t\000e\000m\000\040\000S\000t\000r\000u\000c\000t\000u\000r\000e}{section.1}% 3
\BOOKMARK [2][-]{subsection.1.3}{\376\377\000U\000s\000e\000r\000s}{section.1}% 4
\BOOKMARK [2][-]{subsection.1.4}{\376\377\000D\000e\000v\000e\000l\000o\000p\000m\000e\000n\000t\000\040\000P\000r\000o\000c\000e\000s\000s}{section.1}% 5
\BOOKMARK [2][-]{subsection.1.5}{\376\377\000D\000i\000s\000p\000o\000s\000i\000t\000i\000o\000n}{section.1}% 6
\BOOKMARK [1][-]{section.2}{\376\377\000R\000e\000s\000e\000a\000r\000c\000h\000\040\000\046\000\040\000E\000v\000i\000d\000e\000n\000t\000i\000a\000l\000\040\000B\000a\000c\000k\000g\000r\000o\000u\000n\000d}{}% 7
\BOOKMARK [2][-]{subsection.2.1}{\376\377\000A\000r\000e\000a\000s\000\040\000o\000f\000\040\000E\000x\000p\000l\000o\000r\000a\000t\000i\000o\000n}{section.2}% 8
\BOOKMARK [3][-]{subsubsection.2.1.1}{\376\377\000H\000i\000k\000i\000n\000g\000\040\000R\000o\000u\000t\000e\000s}{subsection.2.1}% 9
\BOOKMARK [3][-]{subsubsection.2.1.2}{\376\377\000H\000i\000k\000i\000n\000g\000\040\000E\000q\000u\000i\000p\000m\000e\000n\000t}{subsection.2.1}% 10
\BOOKMARK [3][-]{subsubsection.2.1.3}{\376\377\000P\000e\000r\000s\000o\000n\000a\000l\000\040\000F\000i\000t\000n\000e\000s\000s\000\040\000\046\000\040\000A\000b\000i\000l\000i\000t\000y}{subsection.2.1}% 11
\BOOKMARK [3][-]{subsubsection.2.1.4}{\376\377\000G\000e\000o\000g\000r\000a\000p\000h\000y}{subsection.2.1}% 12
\BOOKMARK [2][-]{subsection.2.2}{\376\377\000E\000x\000i\000s\000t\000i\000n\000g\000\040\000M\000a\000t\000e\000r\000i\000a\000l\000\040\000\046\000\040\000S\000e\000r\000v\000i\000c\000e\000s}{section.2}% 13
\BOOKMARK [3][-]{subsubsection.2.2.1}{\376\377\000H\000e\000u\000r\000i\000s\000t\000i\000c\000\040\000E\000v\000a\000l\000u\000a\000t\000i\000o\000n\000s}{subsection.2.2}% 14
\BOOKMARK [1][-]{section.3}{\376\377\000D\000a\000t\000a\000\040\000P\000r\000o\000c\000e\000s\000s\000i\000n\000g\000\040\000\046\000\040\000M\000e\000t\000h\000o\000d\000o\000l\000o\000g\000y}{}% 15
\BOOKMARK [2][-]{subsection.3.1}{\376\377\000D\000a\000t\000a\000\040\000A\000c\000q\000u\000i\000s\000i\000t\000i\000o\000n}{section.3}% 16
\BOOKMARK [3][-]{subsubsection.3.1.1}{\376\377\000L\000o\000c\000a\000t\000i\000o\000n}{subsection.3.1}% 17
\BOOKMARK [3][-]{subsubsection.3.1.2}{\376\377\000S\000e\000l\000f\000-\000D\000e\000c\000l\000a\000r\000e\000d\000\040\000A\000t\000t\000r\000i\000b\000u\000t\000e\000s\000\040\040\023\000\040\000A\000b\000i\000l\000i\000t\000y}{subsection.3.1}% 18
\BOOKMARK [3][-]{subsubsection.3.1.3}{\376\377\000S\000e\000l\000f\000-\000D\000e\000c\000l\000a\000r\000e\000d\000\040\000A\000t\000t\000r\000i\000b\000u\000t\000e\000s\000\040\040\023\000\040\000E\000q\000u\000i\000p\000m\000e\000n\000t}{subsection.3.1}% 19
\BOOKMARK [3][-]{subsubsection.3.1.4}{\376\377\000W\000e\000a\000t\000h\000e\000r}{subsection.3.1}% 20
\BOOKMARK [3][-]{subsubsection.3.1.5}{\376\377\000R\000o\000u\000t\000e\000\040\000D\000a\000t\000a}{subsection.3.1}% 21
\BOOKMARK [3][-]{subsubsection.3.1.6}{\376\377\000R\000e\000g\000i\000o\000n\000a\000l\000\040\000D\000a\000t\000a}{subsection.3.1}% 22
\BOOKMARK [3][-]{subsubsection.3.1.7}{\376\377\000L\000a\000n\000d\000m\000a\000s\000s\000\040\000D\000a\000t\000a}{subsection.3.1}% 23
\BOOKMARK [2][-]{subsection.3.2}{\376\377\000D\000a\000t\000a\000\040\000M\000a\000n\000i\000p\000u\000l\000a\000t\000i\000o\000n\000\040\000\046\000\040\000O\000u\000t\000p\000u\000t}{section.3}% 24
\BOOKMARK [3][-]{subsubsection.3.2.1}{\376\377\000R\000o\000u\000t\000e\000\040\000O\000v\000e\000r\000v\000i\000e\000w}{subsection.3.2}% 25
\BOOKMARK [3][-]{subsubsection.3.2.2}{\376\377\000W\000e\000a\000t\000h\000e\000r\000\040\000S\000y\000s\000t\000e\000m}{subsection.3.2}% 26
\BOOKMARK [3][-]{subsubsection.3.2.3}{\376\377\000`\000R\000a\000n\000g\000e\000r\000'\000\040\000C\000a\000l\000c\000u\000l\000a\000t\000o\000r}{subsection.3.2}% 27
\BOOKMARK [3][-]{subsubsection.3.2.4}{\376\377\000R\000e\000g\000i\000o\000n\000a\000l\000\040\000\046\000\040\000L\000a\000n\000d\000m\000a\000s\000s\000\040\000G\000e\000n\000e\000r\000a\000l}{subsection.3.2}% 28
\BOOKMARK [2][-]{subsection.3.3}{\376\377\000I\000n\000f\000o\000r\000m\000a\000t\000i\000o\000n\000\040\000A\000c\000q\000u\000i\000s\000i\000t\000i\000o\000n\000\040\000\046\000\040\000O\000u\000t\000p\000u\000t}{section.3}% 29
\BOOKMARK [3][-]{subsubsection.3.3.1}{\376\377\000P\000u\000r\000p\000o\000s\000e}{subsection.3.3}% 30
\BOOKMARK [3][-]{subsubsection.3.3.2}{\376\377\000K\000e\000y\000s\000\040\000\046\000\040\000S\000u\000g\000g\000e\000s\000t\000e\000d\000\040\000R\000e\000a\000d\000i\000n\000g}{subsection.3.3}% 31
\BOOKMARK [1][-]{section.4}{\376\377\000S\000y\000s\000t\000e\000m\000\040\000R\000e\000q\000u\000i\000r\000e\000m\000e\000n\000t\000s}{}% 32
\BOOKMARK [2][-]{subsection.4.1}{\376\377\000S\000c\000a\000l\000e\000\040\000\046\000\040\000S\000c\000o\000p\000e}{section.4}% 33
\BOOKMARK [2][-]{subsection.4.2}{\376\377\000G\000a\000t\000h\000e\000r\000i\000n\000g\000\040\000\046\000\040\000P\000r\000i\000o\000r\000i\000t\000i\000z\000a\000t\000i\000o\000n\000\040\000M\000e\000t\000h\000o\000d\000o\000l\000o\000g\000y}{section.4}% 34
\BOOKMARK [2][-]{subsection.4.3}{\376\377\000F\000u\000n\000c\000t\000i\000o\000n\000a\000l\000\040\000\046\000\040\000N\000o\000n\000-\000F\000u\000n\000c\000t\000i\000o\000n\000a\000l}{section.4}% 35
\BOOKMARK [1][-]{section.5}{\376\377\000S\000y\000s\000t\000e\000m\000\040\000D\000e\000s\000i\000g\000n}{}% 36
\BOOKMARK [2][-]{subsection.5.1}{\376\377\000S\000y\000s\000t\000e\000m\000\040\000A\000r\000c\000h\000i\000t\000e\000c\000t\000u\000r\000e}{section.5}% 37
\BOOKMARK [2][-]{subsection.5.2}{\376\377\000U\000s\000e\000r\000\040\000I\000n\000t\000e\000r\000f\000a\000c\000e}{section.5}% 38
\BOOKMARK [3][-]{subsubsection.5.2.1}{\376\377\000L\000o\000g\000i\000c\000a\000l\000\040\000D\000e\000s\000i\000g\000n}{subsection.5.2}% 39
\BOOKMARK [3][-]{subsubsection.5.2.2}{\376\377\000G\000r\000a\000p\000h\000i\000c\000\040\000D\000e\000s\000i\000g\000n\000\040\000\046\000\040\000C\000o\000m\000m\000u\000n\000i\000c\000a\000t\000i\000o\000n}{subsection.5.2}% 40
\BOOKMARK [3][-]{subsubsection.5.2.3}{\376\377\000I\000n\000t\000e\000r\000f\000a\000c\000e\000\040\000T\000r\000e\000e}{subsection.5.2}% 41
\BOOKMARK [3][-]{subsubsection.5.2.4}{\376\377\000U\000s\000e\000\040\000C\000a\000s\000e\000\040\000D\000i\000a\000g\000r\000a\000m}{subsection.5.2}% 42
\BOOKMARK [3][-]{subsubsection.5.2.5}{\376\377\000P\000r\000i\000m\000a\000r\000y\000\040\000U\000s\000e\000\040\000C\000a\000s\000e\000\040\000E\000x\000a\000m\000p\000l\000e\000s}{subsection.5.2}% 43
\BOOKMARK [2][-]{subsection.5.3}{\376\377\000D\000a\000t\000a\000\040\000S\000t\000r\000u\000c\000t\000u\000r\000e}{section.5}% 44
\BOOKMARK [1][-]{section.6}{\376\377\000S\000y\000s\000t\000e\000m\000\040\000C\000o\000n\000s\000t\000r\000u\000c\000t\000i\000o\000n\000\040\000\046\000\040\000I\000m\000p\000l\000e\000m\000e\000n\000t\000a\000t\000i\000o\000n}{}% 45
\BOOKMARK [2][-]{subsection.6.1}{\376\377\000D\000e\000v\000e\000l\000o\000p\000m\000e\000n\000t\000\040\000\046\000\040\000L\000a\000n\000g\000u\000a\000g\000e\000s}{section.6}% 46
\BOOKMARK [3][-]{subsubsection.6.1.1}{\376\377\000D\000e\000v\000e\000l\000o\000p\000m\000e\000n\000t\000\040\000E\000n\000v\000i\000r\000o\000n\000m\000e\000n\000t}{subsection.6.1}% 47
\BOOKMARK [3][-]{subsubsection.6.1.2}{\376\377\000F\000r\000o\000n\000t\000-\000E\000n\000d\000\040\000\046\000\040\000U\000s\000e\000r\000\040\000I\000n\000t\000e\000r\000f\000a\000c\000e}{subsection.6.1}% 48
\BOOKMARK [3][-]{subsubsection.6.1.3}{\376\377\000S\000e\000m\000i\000-\000R\000e\000a\000r\000-\000E\000n\000d\000\040\000\046\000\040\000S\000u\000p\000p\000o\000r\000t\000i\000n\000g\000\040\000D\000a\000t\000a}{subsection.6.1}% 49
\BOOKMARK [3][-]{subsubsection.6.1.4}{\376\377\000R\000e\000a\000r\000-\000E\000n\000d\000\040\000\046\000\040\000D\000a\000t\000a\000\040\000M\000a\000n\000a\000g\000e\000m\000e\000n\000t}{subsection.6.1}% 50
\BOOKMARK [2][-]{subsection.6.2}{\376\377\000A\000p\000p\000l\000i\000c\000a\000t\000i\000o\000n\000\040\000P\000r\000o\000g\000r\000a\000m\000m\000i\000n\000g\000\040\000I\000n\000t\000e\000r\000f\000a\000c\000e\000s\000\040\000\050\000A\000P\000I\000s\000\051}{section.6}% 51
\BOOKMARK [3][-]{subsubsection.6.2.1}{\376\377\000G\000e\000o\000l\000o\000c\000a\000t\000i\000o\000n}{subsection.6.2}% 52
\BOOKMARK [3][-]{subsubsection.6.2.2}{\376\377\000O\000r\000d\000n\000a\000n\000c\000e\000\040\000S\000u\000r\000v\000e\000y}{subsection.6.2}% 53
\BOOKMARK [3][-]{subsubsection.6.2.3}{\376\377\000O\000p\000e\000n\000\040\000W\000e\000a\000t\000h\000e\000r}{subsection.6.2}% 54
\BOOKMARK [2][-]{subsection.6.3}{\376\377\000P\000r\000o\000j\000e\000c\000t\000\040\000M\000a\000n\000a\000g\000e\000m\000e\000n\000t}{section.6}% 55
\BOOKMARK [3][-]{subsubsection.6.3.1}{\376\377\000L\000i\000f\000e\000-\000C\000y\000c\000l\000e\000\040\000\046\000\040\000T\000i\000m\000i\000n\000g}{subsection.6.3}% 56
\BOOKMARK [2][-]{subsection.6.4}{\376\377\000S\000u\000p\000p\000o\000r\000t\000i\000n\000g\000\040\000T\000o\000o\000l\000s}{section.6}% 57
\BOOKMARK [1][-]{section.7}{\376\377\000E\000v\000a\000l\000u\000a\000t\000i\000o\000n}{}% 58
\BOOKMARK [2][-]{subsection.7.1}{\376\377\000R\000e\000q\000u\000i\000r\000e\000m\000e\000n\000t\000s}{section.7}% 59
\BOOKMARK [2][-]{subsection.7.2}{\376\377\000D\000e\000s\000i\000g\000n\000,\000\040\000C\000o\000n\000s\000t\000r\000u\000c\000t\000i\000o\000n\000\040\000\046\000\040\000I\000m\000p\000l\000e\000m\000e\000n\000t\000a\000t\000i\000o\000n}{section.7}% 60
\BOOKMARK [3][-]{subsubsection.7.2.1}{\376\377\000H\000e\000u\000r\000i\000s\000t\000i\000c\000\040\000E\000v\000a\000l\000u\000a\000t\000i\000o\000n}{subsection.7.2}% 61
\BOOKMARK [3][-]{subsubsection.7.2.2}{\376\377\000U\000s\000e\000r\000\040\000A\000c\000c\000e\000p\000t\000a\000n\000c\000e\000\040\000\050\000U\000A\000T\000\051\000,\000\040\000A\000c\000c\000e\000s\000s\000i\000b\000i\000l\000i\000t\000y\000\040\000\046\000\040\000U\000s\000a\000b\000i\000l\000i\000t\000y}{subsection.7.2}% 62
\BOOKMARK [3][-]{subsubsection.7.2.3}{\376\377\000`\000P\000r\000o\000t\000o\000t\000y\000p\000i\000n\000g\000'\000\040\000\046\000\040\000C\000o\000n\000s\000t\000a\000n\000t\000\040\000E\000v\000a\000l\000u\000a\000t\000i\000o\000n}{subsection.7.2}% 63
\BOOKMARK [2][-]{subsection.7.3}{\376\377\000A\000d\000d\000i\000t\000i\000o\000n\000a\000l\000\040\000T\000e\000s\000t\000i\000n\000g}{section.7}% 64
\BOOKMARK [3][-]{subsubsection.7.3.1}{\376\377\000`\000T\000e\000s\000t\000-\000D\000r\000i\000v\000e\000n\000'\000\040\000D\000e\000v\000e\000l\000o\000p\000m\000e\000n\000t}{subsection.7.3}% 65
\BOOKMARK [3][-]{subsubsection.7.3.2}{\376\377\000U\000n\000i\000t\000\040\000T\000e\000s\000t\000i\000n\000g}{subsection.7.3}% 66
\BOOKMARK [2][-]{subsection.7.4}{\376\377\000C\000o\000n\000s\000t\000r\000i\000c\000t\000i\000o\000n\000s}{section.7}% 67
\BOOKMARK [1][-]{section.8}{\376\377\000D\000e\000v\000e\000l\000o\000p\000m\000e\000n\000t\000\040\000C\000o\000n\000c\000l\000u\000s\000i\000o\000n\000s}{}% 68
